2026-07-16 01:46:27,532 INFO Giriş başarılı (302 yönlendirme -> /).
2026-07-16 01:46:28,416 INFO Sayfa 1: 50 ürün alındı. (Toplam: 650)
2026-07-16 01:46:28,689 INFO Sayfa 2: 50 ürün alındı. (Toplam: 650)
2026-07-16 01:46:28,960 INFO Sayfa 3: 50 ürün alındı. (Toplam: 650)
2026-07-16 01:46:29,236 INFO Sayfa 4: 50 ürün alındı. (Toplam: 650)
2026-07-16 01:46:29,500 INFO Sayfa 5: 50 ürün alındı. (Toplam: 650)
2026-07-16 01:46:29,768 INFO Sayfa 6: 50 ürün alındı. (Toplam: 650)
2026-07-16 01:46:30,036 INFO Sayfa 7: 50 ürün alındı. (Toplam: 650)
2026-07-16 01:46:30,312 INFO Sayfa 8: 50 ürün alındı. (Toplam: 650)
2026-07-16 01:46:30,588 INFO Sayfa 9: 50 ürün alındı. (Toplam: 650)
2026-07-16 01:46:30,867 INFO Sayfa 10: 50 ürün alındı. (Toplam: 650)
2026-07-16 01:46:31,125 INFO Sayfa 11: 50 ürün alındı. (Toplam: 650)
2026-07-16 01:46:31,396 INFO Sayfa 12: 50 ürün alındı. (Toplam: 650)
2026-07-16 01:46:31,665 INFO Sayfa 13: 50 ürün alındı. (Toplam: 650)
2026-07-16 01:46:31,666 INFO Toplam 650 ürün çekildi.
2026-07-16 01:46:31,672 INFO XML feed yazıldı: docs/ecza1-feed.xml (650 ürün)
2026-07-16 01:46:31,672 INFO Senkronizasyon tamamlandı.
2026-07-16 02:15:27,278 INFO Giriş başarılı (302 yönlendirme -> /).
2026-07-16 02:15:28,010 INFO Sayfa 1: 50 ürün alındı. (Toplam: 650)
2026-07-16 02:15:28,246 INFO Sayfa 2: 50 ürün alındı. (Toplam: 650)
2026-07-16 02:15:28,477 INFO Sayfa 3: 50 ürün alındı. (Toplam: 650)
2026-07-16 02:15:28,720 INFO Sayfa 4: 50 ürün alındı. (Toplam: 650)
2026-07-16 02:15:28,955 INFO Sayfa 5: 50 ürün alındı. (Toplam: 650)
2026-07-16 02:15:29,196 INFO Sayfa 6: 50 ürün alındı. (Toplam: 650)
2026-07-16 02:15:29,423 INFO Sayfa 7: 50 ürün alındı. (Toplam: 650)
2026-07-16 02:15:29,675 INFO Sayfa 8: 50 ürün alındı. (Toplam: 650)
2026-07-16 02:15:29,918 INFO Sayfa 9: 50 ürün alındı. (Toplam: 650)
2026-07-16 02:15:30,166 INFO Sayfa 10: 50 ürün alındı. (Toplam: 650)
2026-07-16 02:15:30,394 INFO Sayfa 11: 50 ürün alındı. (Toplam: 650)
2026-07-16 02:15:30,635 INFO Sayfa 12: 50 ürün alındı. (Toplam: 650)
2026-07-16 02:15:30,865 INFO Sayfa 13: 50 ürün alındı. (Toplam: 650)
2026-07-16 02:15:30,865 INFO Toplam 650 ürün çekildi.
2026-07-16 02:15:30,869 INFO XML feed yazıldı: docs/ecza1-feed.xml (650 ürün)
2026-07-16 02:15:30,869 INFO Senkronizasyon tamamlandı.
2026-07-17 14:46:15,699 INFO Giriş başarılı (302 yönlendirme -> /).
2026-07-17 14:46:16,610 INFO [UserId=7982] Sayfa 1: 50 ürün alındı. (Toplam: 631)
2026-07-17 14:46:16,889 INFO [UserId=7982] Sayfa 2: 50 ürün alındı. (Toplam: 631)
2026-07-17 14:46:17,169 INFO [UserId=7982] Sayfa 3: 50 ürün alındı. (Toplam: 631)
2026-07-17 14:46:17,452 INFO [UserId=7982] Sayfa 4: 50 ürün alındı. (Toplam: 631)
2026-07-17 14:46:17,719 INFO [UserId=7982] Sayfa 5: 50 ürün alındı. (Toplam: 631)
2026-07-17 14:46:17,995 INFO [UserId=7982] Sayfa 6: 50 ürün alındı. (Toplam: 631)
2026-07-17 14:46:18,273 INFO [UserId=7982] Sayfa 7: 50 ürün alındı. (Toplam: 631)
2026-07-17 14:46:18,559 INFO [UserId=7982] Sayfa 8: 50 ürün alındı. (Toplam: 631)
2026-07-17 14:46:18,845 INFO [UserId=7982] Sayfa 9: 50 ürün alındı. (Toplam: 631)
2026-07-17 14:46:19,122 INFO [UserId=7982] Sayfa 10: 50 ürün alındı. (Toplam: 631)
2026-07-17 14:46:19,392 INFO [UserId=7982] Sayfa 11: 50 ürün alındı. (Toplam: 631)
2026-07-17 14:46:19,667 INFO [UserId=7982] Sayfa 12: 50 ürün alındı. (Toplam: 631)
2026-07-17 14:46:19,939 INFO [UserId=7982] Sayfa 13: 31 ürün alındı. (Toplam: 631)
2026-07-17 14:46:19,939 INFO [UserId=7982] Toplam 631 ürün çekildi.
2026-07-17 14:46:19,943 INFO XML feed yazıldı: docs/ecza1-store-7982.xml (631 ürün)
2026-07-17 14:46:20,221 INFO [UserId=16982] Sayfa 1: 50 ürün alındı. (Toplam: 771)
2026-07-17 14:46:20,513 INFO [UserId=16982] Sayfa 2: 50 ürün alındı. (Toplam: 771)
2026-07-17 14:46:20,799 INFO [UserId=16982] Sayfa 3: 50 ürün alındı. (Toplam: 771)
2026-07-17 14:46:21,084 INFO [UserId=16982] Sayfa 4: 50 ürün alındı. (Toplam: 771)
2026-07-17 14:46:21,343 INFO [UserId=16982] Sayfa 5: 50 ürün alındı. (Toplam: 771)
2026-07-17 14:46:21,622 INFO [UserId=16982] Sayfa 6: 50 ürün alındı. (Toplam: 771)
2026-07-17 14:46:21,900 INFO [UserId=16982] Sayfa 7: 50 ürün alındı. (Toplam: 771)
2026-07-17 14:46:22,186 INFO [UserId=16982] Sayfa 8: 50 ürün alındı. (Toplam: 771)
2026-07-17 14:46:22,472 INFO [UserId=16982] Sayfa 9: 50 ürün alındı. (Toplam: 771)
2026-07-17 14:46:22,754 INFO [UserId=16982] Sayfa 10: 50 ürün alındı. (Toplam: 771)
2026-07-17 14:46:23,046 INFO [UserId=16982] Sayfa 11: 50 ürün alındı. (Toplam: 771)
2026-07-17 14:46:23,355 INFO [UserId=16982] Sayfa 12: 50 ürün alındı. (Toplam: 771)
2026-07-17 14:46:23,633 INFO [UserId=16982] Sayfa 13: 50 ürün alındı. (Toplam: 771)
2026-07-17 14:46:23,919 INFO [UserId=16982] Sayfa 14: 50 ürün alındı. (Toplam: 771)
2026-07-17 14:46:24,209 INFO [UserId=16982] Sayfa 15: 50 ürün alındı. (Toplam: 771)
2026-07-17 14:46:24,460 INFO [UserId=16982] Sayfa 16: 21 ürün alındı. (Toplam: 771)
2026-07-17 14:46:24,460 INFO [UserId=16982] Toplam 771 ürün çekildi.
2026-07-17 14:46:24,465 INFO XML feed yazıldı: docs/ecza1-store-16982.xml (771 ürün)
2026-07-17 14:46:24,725 INFO [UserId=19598] Sayfa 1: 50 ürün alındı. (Toplam: 362)
2026-07-17 14:46:24,984 INFO [UserId=19598] Sayfa 2: 50 ürün alındı. (Toplam: 362)
2026-07-17 14:46:25,243 INFO [UserId=19598] Sayfa 3: 50 ürün alındı. (Toplam: 362)
2026-07-17 14:46:25,502 INFO [UserId=19598] Sayfa 4: 50 ürün alındı. (Toplam: 362)
2026-07-17 14:46:25,771 INFO [UserId=19598] Sayfa 5: 50 ürün alındı. (Toplam: 362)
2026-07-17 14:46:26,035 INFO [UserId=19598] Sayfa 6: 50 ürün alındı. (Toplam: 362)
2026-07-17 14:46:26,310 INFO [UserId=19598] Sayfa 7: 50 ürün alındı. (Toplam: 362)
2026-07-17 14:46:26,547 INFO [UserId=19598] Sayfa 8: 12 ürün alındı. (Toplam: 362)
2026-07-17 14:46:26,547 INFO [UserId=19598] Toplam 362 ürün çekildi.
2026-07-17 14:46:26,550 INFO XML feed yazıldı: docs/ecza1-store-19598.xml (362 ürün)
2026-07-17 14:46:26,834 INFO [UserId=21144] Sayfa 1: 50 ürün alındı. (Toplam: 398)
2026-07-17 14:46:27,116 INFO [UserId=21144] Sayfa 2: 50 ürün alındı. (Toplam: 398)
2026-07-17 14:46:27,395 INFO [UserId=21144] Sayfa 3: 50 ürün alındı. (Toplam: 398)
2026-07-17 14:46:27,679 INFO [UserId=21144] Sayfa 4: 50 ürün alındı. (Toplam: 398)
2026-07-17 14:46:27,992 INFO [UserId=21144] Sayfa 5: 50 ürün alındı. (Toplam: 398)
2026-07-17 14:46:28,285 INFO [UserId=21144] Sayfa 6: 50 ürün alındı. (Toplam: 398)
2026-07-17 14:46:28,563 INFO [UserId=21144] Sayfa 7: 50 ürün alındı. (Toplam: 398)
2026-07-17 14:46:28,836 INFO [UserId=21144] Sayfa 8: 48 ürün alındı. (Toplam: 398)
2026-07-17 14:46:28,836 INFO [UserId=21144] Toplam 398 ürün çekildi.
2026-07-17 14:46:28,839 INFO XML feed yazıldı: docs/ecza1-store-21144.xml (398 ürün)
2026-07-17 14:46:29,124 INFO [UserId=184] Sayfa 1: 50 ürün alındı. (Toplam: 473)
2026-07-17 14:46:29,404 INFO [UserId=184] Sayfa 2: 50 ürün alındı. (Toplam: 473)
2026-07-17 14:46:29,682 INFO [UserId=184] Sayfa 3: 50 ürün alındı. (Toplam: 473)
2026-07-17 14:46:29,965 INFO [UserId=184] Sayfa 4: 50 ürün alındı. (Toplam: 473)
2026-07-17 14:46:30,251 INFO [UserId=184] Sayfa 5: 50 ürün alındı. (Toplam: 473)
2026-07-17 14:46:30,561 INFO [UserId=184] Sayfa 6: 50 ürün alındı. (Toplam: 473)
2026-07-17 14:46:30,887 INFO [UserId=184] Sayfa 7: 50 ürün alındı. (Toplam: 473)
2026-07-17 14:46:31,172 INFO [UserId=184] Sayfa 8: 50 ürün alındı. (Toplam: 473)
2026-07-17 14:46:31,463 INFO [UserId=184] Sayfa 9: 50 ürün alındı. (Toplam: 473)
2026-07-17 14:46:31,710 INFO [UserId=184] Sayfa 10: 23 ürün alındı. (Toplam: 473)
2026-07-17 14:46:31,710 INFO [UserId=184] Toplam 473 ürün çekildi.
2026-07-17 14:46:31,713 INFO XML feed yazıldı: docs/ecza1-store-184.xml (473 ürün)
2026-07-17 14:46:31,974 INFO [UserId=1735] Sayfa 1: 50 ürün alındı. (Toplam: 330)
2026-07-17 14:46:32,249 INFO [UserId=1735] Sayfa 2: 50 ürün alındı. (Toplam: 330)
2026-07-17 14:46:32,520 INFO [UserId=1735] Sayfa 3: 50 ürün alındı. (Toplam: 330)
2026-07-17 14:46:32,787 INFO [UserId=1735] Sayfa 4: 50 ürün alındı. (Toplam: 330)
2026-07-17 14:46:33,076 INFO [UserId=1735] Sayfa 5: 50 ürün alındı. (Toplam: 330)
2026-07-17 14:46:33,355 INFO [UserId=1735] Sayfa 6: 50 ürün alındı. (Toplam: 330)
2026-07-17 14:46:33,602 INFO [UserId=1735] Sayfa 7: 30 ürün alındı. (Toplam: 330)
2026-07-17 14:46:33,602 INFO [UserId=1735] Toplam 330 ürün çekildi.
2026-07-17 14:46:33,604 INFO XML feed yazıldı: docs/ecza1-store-1735.xml (330 ürün)
2026-07-17 14:46:33,878 INFO [UserId=11197] Sayfa 1: 50 ürün alındı. (Toplam: 197)
2026-07-17 14:46:34,148 INFO [UserId=11197] Sayfa 2: 50 ürün alındı. (Toplam: 197)
2026-07-17 14:46:34,421 INFO [UserId=11197] Sayfa 3: 50 ürün alındı. (Toplam: 197)
2026-07-17 14:46:34,692 INFO [UserId=11197] Sayfa 4: 47 ürün alındı. (Toplam: 197)
2026-07-17 14:46:34,692 INFO [UserId=11197] Toplam 197 ürün çekildi.
2026-07-17 14:46:34,694 INFO XML feed yazıldı: docs/ecza1-store-11197.xml (197 ürün)
2026-07-17 14:46:34,981 INFO [UserId=759] Sayfa 1: 50 ürün alındı. (Toplam: 389)
2026-07-17 14:46:35,251 INFO [UserId=759] Sayfa 2: 50 ürün alındı. (Toplam: 389)
2026-07-17 14:46:35,522 INFO [UserId=759] Sayfa 3: 50 ürün alındı. (Toplam: 389)
2026-07-17 14:46:35,803 INFO [UserId=759] Sayfa 4: 50 ürün alındı. (Toplam: 389)
2026-07-17 14:46:36,102 INFO [UserId=759] Sayfa 5: 50 ürün alındı. (Toplam: 389)
2026-07-17 14:46:36,377 INFO [UserId=759] Sayfa 6: 50 ürün alındı. (Toplam: 389)
2026-07-17 14:46:36,647 INFO [UserId=759] Sayfa 7: 50 ürün alındı. (Toplam: 389)
2026-07-17 14:46:36,914 INFO [UserId=759] Sayfa 8: 39 ürün alındı. (Toplam: 389)
2026-07-17 14:46:36,914 INFO [UserId=759] Toplam 389 ürün çekildi.
2026-07-17 14:46:36,916 INFO XML feed yazıldı: docs/ecza1-store-759.xml (389 ürün)
2026-07-17 14:46:36,916 INFO Tüm mağazalar için senkronizasyon tamamlandı.
